2025-10-08 15:08:35,125 [INFO] 🚀 Iniciando migración...
2025-10-08 15:08:35,161 [INFO] Conectado a ERP en localhost usando esquema 'Inmo'
2025-10-08 15:08:35,163 [INFO] 🦊 Migrador FoxPro (.dbf) → PostgreSQL
2025-10-08 15:08:35,179 [INFO] Migrando tabla: borrar
2025-10-08 15:08:35,209 [INFO] ✔ 1 registros migrados en borrar
2025-10-08 15:08:35,210 [INFO] Migrando tabla: bpbancos
2025-10-08 15:08:35,222 [INFO] ✔ 22 registros migrados en bpbancos
2025-10-08 15:08:35,224 [INFO] Migrando tabla: bpcabcon
2025-10-08 15:08:35,467 [INFO] ✔ 3700 registros migrados en bpcabcon
2025-10-08 15:08:35,468 [INFO] Migrando tabla: bpcabliq
2025-10-08 15:08:35,478 [INFO] ✔ 2 registros migrados en bpcabliq
2025-10-08 15:08:35,480 [INFO] Migrando tabla: bpcabotr
2025-10-08 15:08:35,684 [INFO] ✔ 4775 registros migrados en bpcabotr
2025-10-08 15:08:35,685 [INFO] Migrando tabla: bpcobros
2025-10-08 15:08:35,843 [INFO] ✔ 2086 registros migrados en bpcobros
2025-10-08 15:08:35,844 [INFO] Migrando tabla: bpcompro
2025-10-08 15:08:49,726 [INFO] ✔ 212055 registros migrados en bpcompro
2025-10-08 15:08:49,728 [INFO] Migrando tabla: bpcontra
2025-10-08 15:08:49,907 [INFO] ✔ 1133 registros migrados en bpcontra
2025-10-08 15:08:49,908 [INFO] Migrando tabla: bpcontrl
2025-10-08 15:08:49,921 [INFO] ✔ 1 registros migrados en bpcontrl
2025-10-08 15:08:49,922 [INFO] Migrando tabla: bpdetcon
2025-10-08 15:09:38,125 [INFO] ✔ 679844 registros migrados en bpdetcon
2025-10-08 15:09:38,127 [INFO] Migrando tabla: bpdetdir
2025-10-08 15:09:38,337 [INFO] ✔ 1696 registros migrados en bpdetdir
2025-10-08 15:09:38,338 [INFO] Migrando tabla: bpdetfon
2025-10-08 15:09:38,768 [INFO] ✔ 6857 registros migrados en bpdetfon
2025-10-08 15:09:38,769 [INFO] Migrando tabla: bpdetliq
2025-10-08 15:09:38,782 [INFO] ✔ 2 registros migrados en bpdetliq
2025-10-08 15:09:38,783 [INFO] Migrando tabla: bpdetmov
2025-10-08 15:09:40,243 [INFO] ❌ Error en bpdetmov: could not convert string to float: b'\x00\x00\x00\x00\x00\x00'
2025-10-08 15:09:40,247 [INFO] Migrando tabla: bpdetotr
2025-10-08 15:09:40,735 [INFO] ✔ 5885 registros migrados en bpdetotr
2025-10-08 15:09:40,736 [INFO] Migrando tabla: bpdetret
2025-10-08 15:10:21,774 [INFO] ✔ 573412 registros migrados en bpdetret
2025-10-08 15:10:21,775 [INFO] Migrando tabla: bpdetter
2025-10-08 15:10:27,324 [INFO] ✔ 70814 registros migrados en bpdetter
2025-10-08 15:10:27,325 [INFO] Migrando tabla: bpenvios
2025-10-08 15:10:27,471 [INFO] ✔ 1406 registros migrados en bpenvios
2025-10-08 15:10:27,474 [INFO] Migrando tabla: bpfaccon
2025-10-08 15:11:02,493 [INFO] ✔ 91281 registros migrados en bpfaccon
2025-10-08 15:11:02,495 [INFO] Migrando tabla: bpfacobr
2025-10-08 15:11:07,527 [INFO] ✔ 32821 registros migrados en bpfacobr
2025-10-08 15:11:07,530 [INFO] Migrando tabla: bpfactur
2025-10-08 15:13:12,728 [INFO] ✔ 358282 registros migrados en bpfactur
2025-10-08 15:13:12,735 [INFO] Migrando tabla: bpmovimi
2025-10-08 15:15:05,947 [INFO] ✔ 565661 registros migrados en bpmovimi
2025-10-08 15:15:05,961 [INFO] ⚠️ Migración cancelada por el usuario.
2025-10-08 15:24:39,009 [INFO] 🚀 Iniciando migración...
2025-10-08 15:24:39,059 [INFO] Conectado a ERP en localhost usando esquema 'Inmo'
2025-10-08 15:24:39,060 [INFO] 🦊 Migrador FoxPro (.dbf) → PostgreSQL
2025-10-08 15:24:39,078 [INFO] Migrando tabla: borrar
2025-10-08 15:24:39,103 [INFO] ✔ 1 registros migrados en borrar
2025-10-08 15:24:39,105 [INFO] Migrando tabla: bpbancos
2025-10-08 15:24:39,111 [INFO] ✔ 22 registros migrados en bpbancos
2025-10-08 15:24:39,112 [INFO] Migrando tabla: bpcabcon
2025-10-08 15:24:39,355 [INFO] ✔ 3700 registros migrados en bpcabcon
2025-10-08 15:24:39,356 [INFO] Migrando tabla: bpcabliq
2025-10-08 15:24:39,360 [INFO] ✔ 2 registros migrados en bpcabliq
2025-10-08 15:24:39,362 [INFO] Migrando tabla: bpcabotr
2025-10-08 15:24:39,577 [INFO] ✔ 4775 registros migrados en bpcabotr
2025-10-08 15:24:39,578 [INFO] Migrando tabla: bpcobros
2025-10-08 15:24:39,732 [INFO] ✔ 2086 registros migrados en bpcobros
2025-10-08 15:24:39,733 [INFO] Migrando tabla: bpcompro
2025-10-08 15:24:55,865 [INFO] ✔ 212055 registros migrados en bpcompro
2025-10-08 15:24:55,874 [INFO] Migrando tabla: bpcontra
2025-10-08 15:24:56,149 [INFO] ✔ 1133 registros migrados en bpcontra
2025-10-08 15:24:56,151 [INFO] Migrando tabla: bpcontrl
2025-10-08 15:24:56,158 [INFO] ✔ 1 registros migrados en bpcontrl
2025-10-08 15:24:56,161 [INFO] Migrando tabla: bpdetcon
2025-10-08 15:26:28,674 [INFO] ✔ 679844 registros migrados en bpdetcon
2025-10-08 15:26:28,677 [INFO] Migrando tabla: bpdetdir
2025-10-08 15:26:29,100 [INFO] ✔ 1696 registros migrados en bpdetdir
2025-10-08 15:26:29,103 [INFO] Migrando tabla: bpdetfon
2025-10-08 15:26:29,861 [INFO] ✔ 6857 registros migrados en bpdetfon
2025-10-08 15:26:29,863 [INFO] Migrando tabla: bpdetliq
2025-10-08 15:26:29,876 [INFO] ✔ 2 registros migrados en bpdetliq
2025-10-08 15:26:29,877 [INFO] Migrando tabla: bpdetmov
2025-10-08 15:26:33,207 [INFO] ❌ Error en bpdetmov: could not convert string to float: b'\x00\x00\x00\x00\x00\x00'
2025-10-08 15:26:33,209 [INFO] Migrando tabla: bpdetotr
2025-10-08 15:26:34,070 [INFO] ✔ 5885 registros migrados en bpdetotr
2025-10-08 15:26:34,072 [INFO] Migrando tabla: bpdetret
2025-10-08 15:27:33,375 [INFO] ✔ 573412 registros migrados en bpdetret
2025-10-08 15:27:33,387 [INFO] ⚠️ Migración cancelada por el usuario.
2025-10-08 16:13:33,186 [INFO] 🚀 Iniciando migración...
2025-10-08 16:13:33,242 [INFO] Conectado a ERP en localhost usando esquema 'Inmo2'
2025-10-08 16:13:33,243 [INFO] 🦊 Migrador FoxPro (.dbf) → PostgreSQL
2025-10-08 16:13:33,261 [INFO] Migrando tabla: borrar
2025-10-08 16:13:33,296 [INFO] ✔ 1 registros migrados en borrar
2025-10-08 16:13:33,298 [INFO] Migrando tabla: bpbancos
2025-10-08 16:13:33,308 [INFO] ✔ 22 registros migrados en bpbancos
2025-10-08 16:13:33,309 [INFO] Migrando tabla: bpcabcon
2025-10-08 16:13:33,563 [INFO] ✔ 3700 registros migrados en bpcabcon
2025-10-08 16:13:33,565 [INFO] Migrando tabla: bpcabliq
2025-10-08 16:13:33,569 [INFO] ✔ 2 registros migrados en bpcabliq
2025-10-08 16:13:33,571 [INFO] Migrando tabla: bpcabotr
2025-10-08 16:13:33,768 [INFO] ✔ 4775 registros migrados en bpcabotr
2025-10-08 16:13:33,769 [INFO] Migrando tabla: bpcobros
2025-10-08 16:13:33,924 [INFO] ✔ 2086 registros migrados en bpcobros
2025-10-08 16:13:33,925 [INFO] Migrando tabla: bpcompro
2025-10-08 16:13:48,736 [INFO] ✔ 212055 registros migrados en bpcompro
2025-10-08 16:13:48,737 [INFO] Migrando tabla: bpcontra
2025-10-08 16:13:48,892 [INFO] ✔ 1133 registros migrados en bpcontra
2025-10-08 16:13:48,893 [INFO] Migrando tabla: bpcontrl
2025-10-08 16:13:48,899 [INFO] ✔ 1 registros migrados en bpcontrl
2025-10-08 16:13:48,900 [INFO] Migrando tabla: bpdetcon
2025-10-08 16:14:37,570 [INFO] ✔ 679844 registros migrados en bpdetcon
2025-10-08 16:14:37,572 [INFO] Migrando tabla: bpdetdir
2025-10-08 16:14:37,757 [INFO] ✔ 1696 registros migrados en bpdetdir
2025-10-08 16:14:37,758 [INFO] Migrando tabla: bpdetfon
2025-10-08 16:14:38,199 [INFO] ✔ 6857 registros migrados en bpdetfon
2025-10-08 16:14:38,200 [INFO] Migrando tabla: bpdetliq
2025-10-08 16:14:38,206 [INFO] ✔ 2 registros migrados en bpdetliq
2025-10-08 16:14:38,207 [INFO] Migrando tabla: bpdetmov
2025-10-08 16:14:39,884 [INFO] ❌ Error en bpdetmov: could not convert string to float: b'\x00\x00\x00\x00\x00\x00'
2025-10-08 16:14:39,887 [INFO] Migrando tabla: bpdetotr
2025-10-08 16:14:40,433 [INFO] ✔ 5885 registros migrados en bpdetotr
2025-10-08 16:14:40,434 [INFO] Migrando tabla: bpdetret
2025-10-08 16:15:33,308 [INFO] ✔ 573412 registros migrados en bpdetret
2025-10-08 16:15:33,319 [INFO] ⚠️ Migración cancelada por el usuario.
